<?xml version="1.0" encoding="UTF-8"?>
<!-- Generated by org.testng.reporters.JUnitXMLReporter -->
<testsuite ignored="0" hostname="DESKTOP-A020C06" failures="0" tests="5" name="test.Datapicker_test" time="10.689" errors="0" timestamp="2022-11-29T18:08:54 IST">
  <testcase classname="test.Datapicker_test" name="@BeforeTest getLaunchtestingBaba" time="10.415">
    <failure type="org.openqa.selenium.ElementClickInterceptedException" message="element click intercepted: Element &amp;lt;a class=&amp;quot;nav-link&amp;quot; href=&amp;quot;newdemo.html&amp;quot;&amp;gt;...&amp;lt;/a&amp;gt; is not clickable at point (601, 39). Other element would receive the click: &amp;lt;div class=&amp;quot;modal-header&amp;quot;&amp;gt;...&amp;lt;/div&amp;gt;
  (Session info: MicrosoftEdge=107.0.1418.56)
Build info: version: &amp;apos;3.141.59&amp;apos;, revision: &amp;apos;e82be7d358&amp;apos;, time: &amp;apos;2018-11-14T08:25:48&amp;apos;
System info: host: &amp;apos;DESKTOP-A020C06&amp;apos;, ip: &amp;apos;192.168.0.100&amp;apos;, os.name: &amp;apos;Windows 10&amp;apos;, os.arch: &amp;apos;amd64&amp;apos;, os.version: &amp;apos;10.0&amp;apos;, java.version: &amp;apos;18.0.1.1&amp;apos;
Driver info: org.openqa.selenium.edge.EdgeDriver
Capabilities {acceptInsecureCerts: false, browserName: msedge, browserVersion: 107.0.1418.56, javascriptEnabled: true, ms:edgeOptions: {debuggerAddress: localhost:53858}, msedge: {msedgedriverVersion: 107.0.1418.26 (801aa30e9054..., userDataDir: C:\Users\winni\AppData\Loca...}, networkConnectionEnabled: false, pageLoadStrategy: normal, platform: WINDOWS, platformName: WINDOWS, proxy: Proxy(), setWindowRect: true, strictFileInteractability: false, timeouts: {implicit: 0, pageLoad: 300000, script: 30000}, unhandledPromptBehavior: dismiss and notify, webauthn:extension:credBlob: true, webauthn:extension:largeBlob: true, webauthn:virtualAuthenticators: true}
Session ID: 4899241c81a0e9929947f6f54ac965bb">
      <![CDATA[org.openqa.selenium.ElementClickInterceptedException: element click intercepted: Element <a class="nav-link" href="newdemo.html">...</a> is not clickable at point (601, 39). Other element would receive the click: <div class="modal-header">...</div>
  (Session info: MicrosoftEdge=107.0.1418.56)
Build info: version: '3.141.59', revision: 'e82be7d358', time: '2018-11-14T08:25:48'
System info: host: 'DESKTOP-A020C06', ip: '192.168.0.100', os.name: 'Windows 10', os.arch: 'amd64', os.version: '10.0', java.version: '18.0.1.1'
Driver info: org.openqa.selenium.edge.EdgeDriver
Capabilities {acceptInsecureCerts: false, browserName: msedge, browserVersion: 107.0.1418.56, javascriptEnabled: true, ms:edgeOptions: {debuggerAddress: localhost:53858}, msedge: {msedgedriverVersion: 107.0.1418.26 (801aa30e9054..., userDataDir: C:\Users\winni\AppData\Loca...}, networkConnectionEnabled: false, pageLoadStrategy: normal, platform: WINDOWS, platformName: WINDOWS, proxy: Proxy(), setWindowRect: true, strictFileInteractability: false, timeouts: {implicit: 0, pageLoad: 300000, script: 30000}, unhandledPromptBehavior: dismiss and notify, webauthn:extension:credBlob: true, webauthn:extension:largeBlob: true, webauthn:virtualAuthenticators: true}
Session ID: 4899241c81a0e9929947f6f54ac965bb
at org.openqa.selenium.remote.http.W3CHttpResponseCodec.createException(W3CHttpResponseCodec.java:187)
at org.openqa.selenium.remote.http.W3CHttpResponseCodec.decode(W3CHttpResponseCodec.java:122)
at org.openqa.selenium.remote.http.W3CHttpResponseCodec.decode(W3CHttpResponseCodec.java:49)
at org.openqa.selenium.remote.HttpCommandExecutor.execute(HttpCommandExecutor.java:158)
at org.openqa.selenium.remote.service.DriverCommandExecutor.execute(DriverCommandExecutor.java:83)
at org.openqa.selenium.remote.RemoteWebDriver.execute(RemoteWebDriver.java:552)
at org.openqa.selenium.remote.RemoteWebElement.execute(RemoteWebElement.java:285)
at org.openqa.selenium.remote.RemoteWebElement.click(RemoteWebElement.java:84)
at Baselibrary.Baselibrary.getLaunchUrl(Baselibrary.java:60)
at test.Datapicker_test.getLaunchtestingBaba(Datapicker_test.java:22)
... Removed 25 stack frames]]>
    </failure>
  </testcase> <!-- @BeforeTest getLaunchtestingBaba -->
  <testcase classname="Baselibrary.Baselibrary" name="@AfterMethod getanalysis" time="-1.669725534033E9">
    <skipped/>
  </testcase> <!-- @AfterMethod getanalysis -->
  <testcase classname="Baselibrary.Baselibrary" name="@AfterMethod getanalysis" time="-1.669725534049E9">
    <skipped/>
  </testcase> <!-- @AfterMethod getanalysis -->
  <testcase classname="Baselibrary.Baselibrary" name="@AfterMethod getanalysis" time="-1.66972553406E9">
    <skipped/>
  </testcase> <!-- @AfterMethod getanalysis -->
  <testcase classname="Baselibrary.Baselibrary" name="@AfterMethod getanalysis" time="-1.669725534073E9">
    <skipped/>
  </testcase> <!-- @AfterMethod getanalysis -->
  <testcase classname="Baselibrary.Baselibrary" name="@AfterMethod getanalysis" time="-1.669725534088E9">
    <skipped/>
  </testcase> <!-- @AfterMethod getanalysis -->
  <testcase classname="test.Datapicker_test" name="clickonwidgets" time="0.0">
    <skipped/>
  </testcase> <!-- clickonwidgets -->
  <testcase classname="test.Datapicker_test" name="clickondatapicker" time="0.0">
    <skipped/>
  </testcase> <!-- clickondatapicker -->
  <testcase classname="test.Datapicker_test" name="clickonselectdate" time="0.0">
    <skipped/>
  </testcase> <!-- clickonselectdate -->
  <testcase classname="test.Datapicker_test" name="selectdate_timePS" time="0.0">
    <skipped/>
  </testcase> <!-- selectdate_timePS -->
  <testcase classname="test.Datapicker_test" name="selectgetdate_time" time="0.0">
    <skipped/>
  </testcase> <!-- selectgetdate_time -->
</testsuite> <!-- test.Datapicker_test -->
