<?xml version="1.0" encoding="UTF-8"?>
<!-- Generated by org.testng.reporters.JUnitXMLReporter -->
<testsuite ignored="0" hostname="DESKTOP-A020C06" failures="0" tests="4" name="test.mousehower_click_test" time="9.678" errors="0" timestamp="2022-11-25T18:44:11 IST">
  <testcase classname="test.mousehower_click_test" name="@BeforeTest getLaunchtestingBaba" time="9.604">
    <failure type="org.openqa.selenium.NoSuchWindowException" message="no such window: target window already closed
from unknown error: web view not found
  (Session info: MicrosoftEdge=107.0.1418.56)
Build info: version: &amp;apos;3.141.59&amp;apos;, revision: &amp;apos;e82be7d358&amp;apos;, time: &amp;apos;2018-11-14T08:25:48&amp;apos;
System info: host: &amp;apos;DESKTOP-A020C06&amp;apos;, ip: &amp;apos;192.168.0.100&amp;apos;, os.name: &amp;apos;Windows 10&amp;apos;, os.arch: &amp;apos;amd64&amp;apos;, os.version: &amp;apos;10.0&amp;apos;, java.version: &amp;apos;18.0.1.1&amp;apos;
Driver info: org.openqa.selenium.edge.EdgeDriver
Capabilities {acceptInsecureCerts: false, browserName: msedge, browserVersion: 107.0.1418.56, javascriptEnabled: true, ms:edgeOptions: {debuggerAddress: localhost:58920}, msedge: {msedgedriverVersion: 107.0.1418.26 (801aa30e9054..., userDataDir: C:\Users\winni\AppData\Loca...}, networkConnectionEnabled: false, pageLoadStrategy: normal, platform: WINDOWS, platformName: WINDOWS, proxy: Proxy(), setWindowRect: true, strictFileInteractability: false, timeouts: {implicit: 0, pageLoad: 300000, script: 30000}, unhandledPromptBehavior: dismiss and notify, webauthn:extension:credBlob: true, webauthn:extension:largeBlob: true, webauthn:virtualAuthenticators: true}
Session ID: e355326664d0aaf06d34da10199a6b07">
      <![CDATA[org.openqa.selenium.NoSuchWindowException: no such window: target window already closed
from unknown error: web view not found
  (Session info: MicrosoftEdge=107.0.1418.56)
Build info: version: '3.141.59', revision: 'e82be7d358', time: '2018-11-14T08:25:48'
System info: host: 'DESKTOP-A020C06', ip: '192.168.0.100', os.name: 'Windows 10', os.arch: 'amd64', os.version: '10.0', java.version: '18.0.1.1'
Driver info: org.openqa.selenium.edge.EdgeDriver
Capabilities {acceptInsecureCerts: false, browserName: msedge, browserVersion: 107.0.1418.56, javascriptEnabled: true, ms:edgeOptions: {debuggerAddress: localhost:58920}, msedge: {msedgedriverVersion: 107.0.1418.26 (801aa30e9054..., userDataDir: C:\Users\winni\AppData\Loca...}, networkConnectionEnabled: false, pageLoadStrategy: normal, platform: WINDOWS, platformName: WINDOWS, proxy: Proxy(), setWindowRect: true, strictFileInteractability: false, timeouts: {implicit: 0, pageLoad: 300000, script: 30000}, unhandledPromptBehavior: dismiss and notify, webauthn:extension:credBlob: true, webauthn:extension:largeBlob: true, webauthn:virtualAuthenticators: true}
Session ID: e355326664d0aaf06d34da10199a6b07
at org.openqa.selenium.remote.http.W3CHttpResponseCodec.createException(W3CHttpResponseCodec.java:187)
at org.openqa.selenium.remote.http.W3CHttpResponseCodec.decode(W3CHttpResponseCodec.java:122)
at org.openqa.selenium.remote.http.W3CHttpResponseCodec.decode(W3CHttpResponseCodec.java:49)
at org.openqa.selenium.remote.HttpCommandExecutor.execute(HttpCommandExecutor.java:158)
at org.openqa.selenium.remote.service.DriverCommandExecutor.execute(DriverCommandExecutor.java:83)
at org.openqa.selenium.remote.RemoteWebDriver.execute(RemoteWebDriver.java:552)
at org.openqa.selenium.remote.RemoteWebDriver.execute(RemoteWebDriver.java:609)
at org.openqa.selenium.remote.RemoteWebDriver$RemoteWebDriverOptions$RemoteWindow.maximize(RemoteWebDriver.java:837)
at Baselibrary.Baselibrary.getLaunchUrl(Baselibrary.java:53)
at test.mousehower_click_test.getLaunchtestingBaba(mousehower_click_test.java:21)
... Removed 25 stack frames]]>
    </failure>
  </testcase> <!-- @BeforeTest getLaunchtestingBaba -->
  <testcase classname="Baselibrary.Baselibrary" name="@AfterMethod getanalysis" time="-1.669382050883E9">
    <skipped/>
  </testcase> <!-- @AfterMethod getanalysis -->
  <testcase classname="Baselibrary.Baselibrary" name="@AfterMethod getanalysis" time="-1.669382050888E9">
    <skipped/>
  </testcase> <!-- @AfterMethod getanalysis -->
  <testcase classname="Baselibrary.Baselibrary" name="@AfterMethod getanalysis" time="-1.66938205094E9">
    <skipped/>
  </testcase> <!-- @AfterMethod getanalysis -->
  <testcase classname="Baselibrary.Baselibrary" name="@AfterMethod getanalysis" time="-1.669382050945E9">
    <skipped/>
  </testcase> <!-- @AfterMethod getanalysis -->
  <testcase classname="test.mousehower_click_test" name="@AfterTest teardown" time="-1.669382050946E9">
    <skipped/>
  </testcase> <!-- @AfterTest teardown -->
  <testcase classname="test.mousehower_click_test" name="clickonwidgets" time="0.0">
    <skipped/>
  </testcase> <!-- clickonwidgets -->
  <testcase classname="test.mousehower_click_test" name="clickonmenu" time="0.0">
    <skipped/>
  </testcase> <!-- clickonmenu -->
  <testcase classname="test.mousehower_click_test" name="mousehower" time="0.0">
    <skipped/>
  </testcase> <!-- mousehower -->
  <testcase classname="test.mousehower_click_test" name="mousehowerandclick" time="0.0">
    <skipped/>
  </testcase> <!-- mousehowerandclick -->
</testsuite> <!-- test.mousehower_click_test -->
