<?xml version="1.0" encoding="UTF-8"?>
<!-- Generated by org.testng.reporters.JUnitXMLReporter -->
<testsuite ignored="0" hostname="DESKTOP-A020C06" failures="0" tests="4" name="Default test(failed)(failed)" time="0.164" errors="0" timestamp="2022-11-25T18:34:16 IST">
  <testcase classname="test.browserwindows_test" name="@BeforeTest getLaunchtestingBaba" time="-1.669381456395E9">
    <failure type="org.testng.TestNGException" message="
Parameter &amp;apos;env&amp;apos; is required by BeforeTest on method getLaunchtestingBaba but has not been marked @Optional or defined
in C:\Users\winni\eclipse-workspace\Selenium\test-output\testng-failed.xml">
      <![CDATA[org.testng.TestNGException: 
Parameter 'env' is required by BeforeTest on method getLaunchtestingBaba but has not been marked @Optional or defined
in C:\Users\winni\eclipse-workspace\Selenium\test-output\testng-failed.xml
... Removed 21 stack frames]]>
    </failure>
  </testcase> <!-- @BeforeTest getLaunchtestingBaba -->
  <testcase classname="Baselibrary.Baselibrary" name="@AfterMethod getanalysis" time="-1.669381456496E9">
    <skipped/>
  </testcase> <!-- @AfterMethod getanalysis -->
  <testcase classname="Baselibrary.Baselibrary" name="@AfterMethod getanalysis" time="-1.669381456519E9">
    <skipped/>
  </testcase> <!-- @AfterMethod getanalysis -->
  <testcase classname="Baselibrary.Baselibrary" name="@AfterMethod getanalysis" time="-1.669381456531E9">
    <skipped/>
  </testcase> <!-- @AfterMethod getanalysis -->
  <testcase classname="Baselibrary.Baselibrary" name="@AfterMethod getanalysis" time="-1.669381456544E9">
    <skipped/>
  </testcase> <!-- @AfterMethod getanalysis -->
  <testcase classname="test.browserwindows_test" name="clickonalertframebutton" time="0.0">
    <skipped/>
  </testcase> <!-- clickonalertframebutton -->
  <testcase classname="test.browserwindows_test" name="clickonbrowserwindowsbutton" time="0.0">
    <skipped/>
  </testcase> <!-- clickonbrowserwindowsbutton -->
  <testcase classname="test.browserwindows_test" name="clickonNewWindow" time="0.0">
    <skipped/>
  </testcase> <!-- clickonNewWindow -->
  <testcase classname="test.browserwindows_test" name="clickonNewWindowmsg" time="0.0">
    <skipped/>
  </testcase> <!-- clickonNewWindowmsg -->
</testsuite> <!-- Default test(failed)(failed) -->
