<?xml version="1.0" encoding="UTF-8"?>
<!-- Generated by org.testng.reporters.JUnitReportReporter -->
<testsuite hostname="DESKTOP-A020C06" failures="0" tests="6" name="test.CheckBox_test" time="-1666909056.000" errors="1" timestamp="2022-10-28T03:47:16 IST" skipped="5">
  <testcase classname="test.CheckBox_test" name="getLaunchtestingBaba" time="-1666909056.000">
    <error message="
Parameter &#039;env&#039; is required by BeforeTest on method getLaunchtestingBaba but has not been marked @Optional or defined
in C:\Users\winni\AppData\Local\Temp\testng-eclipse-1426335677\testng-customsuite.xml" type="org.testng.TestNGException">
      <![CDATA[org.testng.TestNGException: 
Parameter 'env' is required by BeforeTest on method getLaunchtestingBaba but has not been marked @Optional or defined
in C:\Users\winni\AppData\Local\Temp\testng-eclipse-1426335677\testng-customsuite.xml
at org.testng.internal.Parameters.createParams(Parameters.java:270)
at org.testng.internal.Parameters.createParametersForMethod(Parameters.java:358)
at org.testng.internal.Parameters.createParameters(Parameters.java:700)
at org.testng.internal.Parameters.createConfigurationParameters(Parameters.java:168)
at org.testng.internal.ConfigInvoker.invokeConfigurations(ConfigInvoker.java:302)
at org.testng.TestRunner.invokeTestConfigurations(TestRunner.java:637)
at org.testng.TestRunner.beforeRun(TestRunner.java:627)
at org.testng.TestRunner.run(TestRunner.java:589)
at org.testng.SuiteRunner.runTest(SuiteRunner.java:377)
at org.testng.SuiteRunner.runSequentially(SuiteRunner.java:371)
at org.testng.SuiteRunner.privateRun(SuiteRunner.java:332)
at org.testng.SuiteRunner.run(SuiteRunner.java:276)
at org.testng.SuiteRunnerWorker.runSuite(SuiteRunnerWorker.java:53)
at org.testng.SuiteRunnerWorker.run(SuiteRunnerWorker.java:96)
at org.testng.TestNG.runSuitesSequentially(TestNG.java:1212)
at org.testng.TestNG.runSuitesLocally(TestNG.java:1134)
at org.testng.TestNG.runSuites(TestNG.java:1063)
at org.testng.TestNG.run(TestNG.java:1031)
at org.testng.remote.AbstractRemoteTestNG.run(AbstractRemoteTestNG.java:115)
at org.testng.remote.RemoteTestNG.initAndRun(RemoteTestNG.java:251)
at org.testng.remote.RemoteTestNG.main(RemoteTestNG.java:77)
]]>
    </error>
  </testcase> <!-- getLaunchtestingBaba -->
  <system-out/>
  <testcase classname="test.CheckBox_test" name="clickonElements" time="0.000">
    <skipped/>
  </testcase> <!-- clickonElements -->
  <system-out/>
  <testcase classname="test.CheckBox_test" name="clickonCheckBox" time="0.000">
    <skipped/>
  </testcase> <!-- clickonCheckBox -->
  <system-out/>
  <testcase classname="test.CheckBox_test" name="mobileCheckBoxButton" time="0.000">
    <skipped/>
  </testcase> <!-- mobileCheckBoxButton -->
  <system-out/>
  <testcase classname="test.CheckBox_test" name="LaptopCheckBoxButton" time="0.000">
    <skipped/>
  </testcase> <!-- LaptopCheckBoxButton -->
  <system-out/>
  <testcase classname="test.CheckBox_test" name="DesktopCheckBoxButton" time="0.000">
    <skipped/>
  </testcase> <!-- DesktopCheckBoxButton -->
  <system-out/>
</testsuite> <!-- test.CheckBox_test -->
